<?xml version="1.0" encoding="UTF-8"?>
<testng-results ignored="0" total="1" passed="1" failed="0" skipped="0">
  <reporter-output>
  </reporter-output>
  <suite started-at="2025-04-15T15:43:22 IST" name="Suite" finished-at="2025-04-15T15:43:43 IST" duration-ms="20534">
    <groups>
    </groups>
    <test started-at="2025-04-15T15:43:22 IST" name="Test" finished-at="2025-04-15T15:43:43 IST" duration-ms="20534">
      <class name="StandardFramework.Tests.MainTest">
        <test-method is-config="true" signature="Launch()[pri:0, instance:StandardFramework.Tests.MainTest@1608bcbd]" started-at="2025-04-15T15:43:23 IST" name="Launch" finished-at="2025-04-15T15:43:28 IST" duration-ms="5256" status="PASS">
          <reporter-output>
          </reporter-output>
        </test-method> <!-- Launch -->
        <test-method signature="funtion(java.util.HashMap)[pri:0, instance:StandardFramework.Tests.MainTest@1608bcbd]" started-at="2025-04-15T15:43:28 IST" name="funtion" data-provider="data" finished-at="2025-04-15T15:43:43 IST" duration-ms="14965" status="PASS">
          <params>
            <param index="0">
              <value>
                <![CDATA[{payeeZip=111111, updateCity=Anytown, city=Lucknow, payeeAddr=XYZ, updateFname=John, updateAddr=123 Main St, updateZip=12345, merchantAcct=134567, payeeCity=Agra, ssn=XYZ, newAcctType=1, payeeName=Arjun, lname=Obroi, password=password, state=UP, confirmp=password, toAmt=0, addr=ABC, payeeMobile=712345687, updatePhone=555-555-5555, payeeState=UP, transferAmt=1000, zip=000000, updateState=CA, fname=Rahul, amount=1345, existingAcct=0, pswd=password, fromAmt=0, loanAmt=200, updateLname=Malkovich, payeeAcctNo=0, phone=123567890, acctSelect=0, user=username, username=username, downPay=50}]]>
              </value>
            </param>
          </params>
          <reporter-output>
          </reporter-output>
        </test-method> <!-- funtion -->
        <test-method is-config="true" signature="closure()[pri:0, instance:StandardFramework.Tests.MainTest@1608bcbd]" started-at="2025-04-15T15:43:43 IST" name="closure" finished-at="2025-04-15T15:43:43 IST" duration-ms="86" status="PASS">
          <reporter-output>
          </reporter-output>
        </test-method> <!-- closure -->
      </class> <!-- StandardFramework.Tests.MainTest -->
    </test> <!-- Test -->
  </suite> <!-- Suite -->
</testng-results>
